[2015.07.21-01.40.59:470][  0]Log file open, 07/20/15 20:40:59
[2015.07.21-01.40.59:470][  0]LogInit:Display: Running engine for game: FPSGame
[2015.07.21-01.40.59:470][  0]LogInit:Display: RandInit(-405396367) SRandInit(-405396367).
[2015.07.21-01.40.59:470][  0]LogTaskGraph: Started task graph with 4 named threads and 7 total threads.
[2015.07.21-01.40.59:470][  0]LogStats: Stats thread started
[2015.07.21-01.40.59:470][  0]LogInit: Version: 4.8.2-2614606+++depot+UE4-Releases+4.8
[2015.07.21-01.40.59:470][  0]LogInit: API Version: 2579680
[2015.07.21-01.40.59:470][  0]LogInit: Compiled (64-bit): Jul  8 2015 23:43:41
[2015.07.21-01.40.59:470][  0]LogInit: Compiled with Visual C++: 18.00.21005.01
[2015.07.21-01.40.59:470][  0]LogInit: Build Configuration: Development
[2015.07.21-01.40.59:470][  0]LogInit: Branch Name: ++depot+UE4-Releases+4.8
[2015.07.21-01.40.59:470][  0]LogInit: Command line: 
[2015.07.21-01.40.59:470][  0]LogInit: Base directory: H:/Unreal/Epic Games/4.8/Engine/Binaries/Win64/
[2015.07.21-01.40.59:470][  0]LogInit: Rocket: 1
[2015.07.21-01.40.59:479][  0]LogInit: Using libcurl 7.41.0
[2015.07.21-01.40.59:479][  0]LogInit:  - built for x86_64-pc-win32
[2015.07.21-01.40.59:479][  0]LogInit:  - supports SSL with WinSSL
[2015.07.21-01.40.59:479][  0]LogInit:  - other features:
[2015.07.21-01.40.59:479][  0]LogInit:      CURL_VERSION_SSL
[2015.07.21-01.40.59:479][  0]LogInit:      CURL_VERSION_IPV6
[2015.07.21-01.40.59:479][  0]LogInit:      CURL_VERSION_ASYNCHDNS
[2015.07.21-01.40.59:479][  0]LogInit:      CURL_VERSION_LARGEFILE
[2015.07.21-01.40.59:479][  0]LogInit:      CURL_VERSION_IDN
[2015.07.21-01.40.59:479][  0]LogInit:  CurlRequestOptions (configurable via config and command line):
[2015.07.21-01.40.59:479][  0]LogInit:  - bVerifyPeer = true  - Libcurl will verify peer certificate
[2015.07.21-01.40.59:479][  0]LogInit:  - bUseHttpProxy = false  - Libcurl will NOT use HTTP proxy
[2015.07.21-01.40.59:479][  0]LogInit:  - bDontReuseConnections = false  - Libcurl will reuse connections
[2015.07.21-01.40.59:479][  0]LogInit:  - CertBundlePath = nullptr  - Libcurl will use whatever was configured at build time.
[2015.07.21-01.40.59:488][  0]LogOnline:Warning: No default platform service specified for OnlineSubsystem
[2015.07.21-01.40.59:498][  0]LogInit: Presizing for 0 objects not considered by GC, pre-allocating 0 bytes.
[2015.07.21-01.40.59:506][  0]LogInit: Object subsystem initialized
[2015.07.21-01.40.59:507][  0]LogConsoleResponse:Warning: Skipping Unknown console variable: 'TranslucentSortAxis = (X=0.000000,Y=-1.000000,Z=0.000000)'
[2015.07.21-01.40.59:507][  0]LogConsoleResponse:Warning:   Found in ini file 'C:/Users/Jeffrey/Documents/Unreal Projects/FPSGame/Saved/Config/Windows/Engine.ini', in section '[/Script/Engine.RendererSettings]'
[2015.07.21-01.40.59:507][  0]LogConsoleResponse:Warning: Skipping Unknown console variable: 'UIScaleRule = ShortestSide'
[2015.07.21-01.40.59:507][  0]LogConsoleResponse:Warning:   Found in ini file 'C:/Users/Jeffrey/Documents/Unreal Projects/FPSGame/Saved/Config/Windows/Engine.ini', in section '[/Script/Engine.RendererSettings]'
[2015.07.21-01.40.59:507][  0]LogConsoleResponse:Warning: Skipping Unknown console variable: 'UIScaleCurve = (EditorCurveData=(Keys=),ExternalCurve=None)'
[2015.07.21-01.40.59:507][  0]LogConsoleResponse:Warning:   Found in ini file 'C:/Users/Jeffrey/Documents/Unreal Projects/FPSGame/Saved/Config/Windows/Engine.ini', in section '[/Script/Engine.RendererSettings]'
[2015.07.21-01.40.59:508][  0]LogInit: Selected Device Profile: [Windows]
[2015.07.21-01.40.59:508][  0]LogInit: Applying CVar settings loaded from the selected device profile: [Windows]
[2015.07.21-01.40.59:516][  0]LogInit: Computer: JEFFW8
[2015.07.21-01.40.59:516][  0]LogInit: User: Jeffrey
[2015.07.21-01.40.59:516][  0]LogInit: CPU Page size=4096, Cores=4
[2015.07.21-01.40.59:516][  0]LogInit: High frequency timer resolution =3.312787 MHz
[2015.07.21-01.40.59:516][  0]LogMemory: Memory total: Physical=16.0GB (16GB approx)
[2015.07.21-01.40.59:516][  0]LogMemory: Platform Memory Stats for Windows
[2015.07.21-01.40.59:516][  0]LogMemory: Process Physical Memory: 48.00 MB used, 48.00 MB peak
[2015.07.21-01.40.59:516][  0]LogMemory: Process Virtual Memory: 24.34 MB used, 24.34 MB peak
[2015.07.21-01.40.59:516][  0]LogMemory: Physical Memory: 6869.32 MB used, 16341.00 MB total
[2015.07.21-01.40.59:516][  0]LogMemory: Virtual Memory: 297.32 MB used, 134217728.00 MB total
[2015.07.21-01.40.59:542][  0]LogTextLocalizationManager: The requested culture ('en_US') has no localization data; parent culture's ('en') localization data will be used.
[2015.07.21-01.40.59:730][  0]LogTextLocalizationManager:Warning: Loaded localization resources contain conflicting entries for (Namespace:ContentBrowser, Key:ImportAssetToolTip):
Localization Resource: (H:/Unreal/Epic Games/4.8/Engine/Content/Localization/Editor/en/Editor.locres) Source String Hash: (-630476809) Localized String: (Import to {0}...)
Localization Resource: (H:/Unreal/Epic Games/4.8/Engine/Content/Localization/Editor/en/Editor.locres) Source String Hash: (1271782899) Localized String: (Imports an asset from file to this folder.)
[2015.07.21-01.41.00:173][  0]LogD3D11RHI: Found D3D11 adapter 0: AMD Radeon R9 200 / HD 7900 Series (Feature Level 11_0)
[2015.07.21-01.41.00:173][  0]LogD3D11RHI: Adapter has 3051MB of dedicated video memory, 0MB of dedicated system memory, and 3840MB of shared system memory, 3 output[s]
[2015.07.21-01.41.00:174][  0]LogD3D11RHI: Found D3D11 adapter 1: Microsoft Basic Render Driver (Feature Level 11_0)
[2015.07.21-01.41.00:174][  0]LogD3D11RHI: Adapter has 0MB of dedicated video memory, 0MB of dedicated system memory, and 256MB of shared system memory, 0 output[s]
[2015.07.21-01.41.00:174][  0]LogD3D11RHI: Chosen D3D11 Adapter Id = 0
[2015.07.21-01.41.00:181][  0]LogD3D11RHI: InitD3DDevice
[2015.07.21-01.41.00:181][  0]LogD3D11RHI: !Direct3DDevice
[2015.07.21-01.41.00:181][  0]LogRHI: Texture pool is 1361 MB (70% of 1945 MB)
[2015.07.21-01.41.00:187][  0]LogD3D11RHI: Async texture creation disabled: no driver support
[2015.07.21-01.41.00:198][  0]LogShaderCompilers:Display: Using Local Shader Compiler.
[2015.07.21-01.41.00:996][  0]LogTemp:Display: Loaded TP DesktopTargetPlatform
[2015.07.21-01.41.01:007][  0]LogTemp:Display: Loaded TP WindowsClientTargetPlatform
[2015.07.21-01.41.01:019][  0]LogTemp:Display: Loaded TP WindowsNoEditorTargetPlatform
[2015.07.21-01.41.01:031][  0]LogTemp:Display: Loaded TP WindowsServerTargetPlatform
[2015.07.21-01.41.01:044][  0]LogTemp:Display: Loaded TP WindowsTargetPlatform
[2015.07.21-01.41.01:054][  0]LogTemp:Display: Loaded TP AndroidTargetPlatform
[2015.07.21-01.41.01:064][  0]LogTemp:Display: Loaded TP Android_ASTCTargetPlatform
[2015.07.21-01.41.01:075][  0]LogTemp:Display: Loaded TP Android_ATCTargetPlatform
[2015.07.21-01.41.01:085][  0]LogTemp:Display: Loaded TP Android_DXTTargetPlatform
[2015.07.21-01.41.01:095][  0]LogTemp:Display: Loaded TP Android_ETC1TargetPlatform
[2015.07.21-01.41.01:104][  0]LogTemp:Display: Loaded TP Android_ETC2TargetPlatform
[2015.07.21-01.41.01:114][  0]LogTemp:Display: Loaded TP Android_PVRTCTargetPlatform
[2015.07.21-01.41.01:154][  0]LogTemp:Display: Loaded TP IOSTargetPlatform
[2015.07.21-01.41.01:164][  0]LogTemp:Display: Loaded TP LinuxNoEditorTargetPlatform
[2015.07.21-01.41.01:176][  0]LogTemp:Display: Loaded TP LinuxServerTargetPlatform
[2015.07.21-01.41.01:188][  0]LogTemp:Display: Loaded TP LinuxTargetPlatform
[2015.07.21-01.41.01:188][  0]LogTargetPlatformManager:Display: Building Assets For Windows
[2015.07.21-01.41.01:352][  0]LogDerivedDataCache:Display: Max Cache Size: 512 MB
[2015.07.21-01.41.01:400][  0]LogDerivedDataCache: Loaded boot cache 0.05s 53MB C:/Users/Jeffrey/AppData/Local/UnrealEngine/4.8/DerivedDataCache/Boot.ddc.
[2015.07.21-01.41.01:400][  0]LogDerivedDataCache:Display: Loaded Boot cache: C:/Users/Jeffrey/AppData/Local/UnrealEngine/4.8/DerivedDataCache/Boot.ddc
[2015.07.21-01.41.01:400][  0]LogDerivedDataCache: FDerivedDataBackendGraph:  Pak pak cache file C:/Users/Jeffrey/Documents/Unreal Projects/FPSGame/DerivedDataCache/DDC.ddp not found, will not use a pak cache.
[2015.07.21-01.41.01:400][  0]LogDerivedDataCache: Unable to find inner node Pak for hierarchical cache Hierarchy.
[2015.07.21-01.41.01:400][  0]LogDerivedDataCache: FDerivedDataBackendGraph:  CompressedPak pak cache file C:/Users/Jeffrey/Documents/Unreal Projects/FPSGame/DerivedDataCache/Compressed.ddp not found, will not use a pak cache.
[2015.07.21-01.41.01:400][  0]LogDerivedDataCache: Unable to find inner node CompressedPak for hierarchical cache Hierarchy.
[2015.07.21-01.41.01:547][  0]LogDerivedDataCache:Display: Pak cache opened for reading ../../../Engine/DerivedDataCache/Compressed.ddp.
[2015.07.21-01.41.01:560][  0]LogDerivedDataCache: Using Local data cache path C:/Users/Jeffrey/AppData/Local/UnrealEngine/Common/DerivedDataCache: Writable
[2015.07.21-01.41.01:795][  0]LogInit: Selected Device Profile: [Windows]
[2015.07.21-01.41.01:881][  0]ImportText (ComponentSweepMultiTests): Missing closing parenthesis: (RootShapeAsset="/Engine/BasicShapes/Cube.Cube",ShapeType="TriggerCapsule",HitResult=(Time=0.50,Location=(X=-100.000015,Y=0.0,Z=100.000015),ImpactPoint=(X=-50.0,Y=0.0,Z=50.0),Normal=(X=-1.0,Y=-0.0,Z=0.0),ImpactNormal=(X=0.0,Y=0.0,Z=1.0),TraceStart=(X=-200.0,Y=0.0,Z=200.0),TraceEnd=(X=0.0,Y=0.0,Z=0.0))
[2015.07.21-01.41.01:881][  0]ImportText (LineTraceSingleByChannelTests): Missing closing parenthesis: (RootShapeAsset="/Engine/BasicShapes/Cube.Cube",HitResult=(Time=0.50,Location=(X=-100.000015,Y=0.0,Z=100.000015),ImpactPoint=(X=-50.0,Y=0.0,Z=50.0),Normal=(X=-1.0,Y=-0.0,Z=0.0),ImpactNormal=(X=0.0,Y=0.0,Z=1.0),TraceStart=(X=-200.0,Y=0.0,Z=200.0),TraceEnd=(X=0.0,Y=0.0,Z=0.0))
[2015.07.21-01.41.01:905][  0]LogMeshUtilities: No automatic mesh reduction module available
[2015.07.21-01.41.01:905][  0]LogMeshUtilities: No automatic mesh merging module available
[2015.07.21-01.41.02:213][  0]LogInit: WinSock: version 1.1 (2.2), MaxSocks=32767, MaxUdp=65467
[2015.07.21-01.41.03:114][  0]UdpMessaging: Initializing bridge on interface 0.0.0.0:0 to multicast group 230.0.0.1:6666.
[2015.07.21-01.41.03:443][  0]SourceControl: Info Source control is disabled
[2015.07.21-01.41.03:444][  0]SourceControl: Info Source control is disabled
[2015.07.21-01.41.03:660][  0]LogObj: 26273 objects as part of root set at end of initial load.
[2015.07.21-01.41.03:660][  0]LogUObjectAllocator: 5409248 out of 0 bytes used by permanent object pool.
[2015.07.21-01.41.03:727][  0]LogEngine: Initializing Engine...
[2015.07.21-01.41.03:729][  0]LogHMD: Can't find Oculus library dev build: is proper Runtime installed? Version: 0.6.0.0
[2015.07.21-01.41.03:731][  0]LogHMD:Warning: SteamVR failed to initialize.  Error: 110
[2015.07.21-01.41.03:888][  0]LogAIModule: Creating AISystem for world NewWorld
[2015.07.21-01.41.03:895][  0]LogInit: XAudio2 using 'Speakers (High Definition Audio Device)' : 6 channels at 48 kHz using 16 bits per sample (channel mask 0x60f)
[2015.07.21-01.41.03:903][  0]LogInit: FAudioDevice initialized.
[2015.07.21-01.41.03:928][  0]LogDerivedDataCache: Saved boot cache 0.03s 53MB C:/Users/Jeffrey/AppData/Local/UnrealEngine/4.8/DerivedDataCache/Boot.ddc.
[2015.07.21-01.41.03:934][  0]LogInit: Texture streaming: Disabled
[2015.07.21-01.41.03:953][  0]LogAnalytics: Creating configured Analytics provider AnalyticsET
[2015.07.21-01.41.03:953][  0]LogAnalytics: [UEEditor.Rocket.Release] APIServer = http://et2.epicgames.com/ET2/. AppVersion = 4.8.2-2614606+++depot+UE4-Releases+4.8
[2015.07.21-01.41.03:954][  0]LogAnalytics: [UEEditor.Rocket.Release] SetUserId 9eb45e864a2d198c9686f192c81afb64|27c3fc6966064ce0b524aa66d1c5df18|6d4063d8-01a0-474b-9182-c2b7903fc823
[2015.07.21-01.41.03:954][  0]LogAnalytics: [UEEditor.Rocket.Release] AnalyticsET::StartSession
[2015.07.21-01.41.03:986][  0]LogInit: Transaction tracking system initialized
[2015.07.21-01.41.04:093][  0]BlueprintLog: New page: Editor Load
[2015.07.21-01.41.04:124][  0]LogAssetRegistry: FAssetRegistry took 0.0111 seconds to start up
[2015.07.21-01.41.04:124][  0]LogDirectoryWatcher:Warning: Failed to begin reading directory changes for ../../../Engine/Plugins/Experimental/CharacterAI/Content/. Error: 0
[2015.07.21-01.41.04:971][  0]LogConsoleManager:Warning: Console variable 'r.VSync' wasn't set ('GameSetting' has a lower priority than 'SystemSettingsIni')
[2015.07.21-01.41.04:971][  0]LogConsoleResponse:Display: 
[2015.07.21-01.41.05:061][  0]LogCook:Display: Done creating registry. It took  0.00s.
[2015.07.21-01.41.05:223][  0]Cmd: MAP LOAD FILE="C:/Users/Jeffrey/Documents/Unreal Projects/FPSGame/Content/FirstPersonBP/Maps/FirstPersonExampleMap.umap" TEMPLATE=0 SHOWPROGRESS=1 FEATURELEVEL=3
[2015.07.21-01.41.05:224][  0]LightingResults: New page: Lighting Build
[2015.07.21-01.41.05:233][  0]MapCheck: New page: Map Check
[2015.07.21-01.41.05:233][  0]LightingResults: New page: Lighting Build
[2015.07.21-01.41.05:241][  0]LogParticles: Destroying 0 GPU particle simulations for FXSystem 0x000000F900184B80
[2015.07.21-01.41.06:415][  0]LogAIModule: Creating AISystem for world FirstPersonExampleMap
[2015.07.21-01.41.06:426][  0]LogEditorServer: Finished looking for orphan Actors (0.000 secs)
[2015.07.21-01.41.07:505][  0]Cmd: MAP CHECKDEP NOCLEARLOG
[2015.07.21-01.41.07:550][  0]MapCheck: Info Map check complete: 0 Error(s), 0 Warning(s), took 44.836ms to complete.
[2015.07.21-01.41.07:550][  0]LogFileHelpers: Loading map 'FirstPersonExampleMap' took 2.327
[2015.07.21-01.41.07:725][  0]LogSourceControl: Attempting 'p4 client -o Unreal'
[2015.07.21-01.41.07:725][  0]LogCollectionManager: Loaded 0 collections in 0.001476 seconds
[2015.07.21-01.41.07:732][  0]LogContentBrowser: Native class hierarchy populated in 0.0067 seconds. Added 1792 classes and 301 folders.
[2015.07.21-01.41.07:785][  0]LogContentBrowser: Native class hierarchy updated for 'WidgetCarousel' in 0.0004 seconds. Added 0 classes and 0 folders.
[2015.07.21-01.41.07:807][  0]LogContentBrowser: Native class hierarchy updated for 'AddContentDialog' in 0.0003 seconds. Added 0 classes and 0 folders.
[2015.07.21-01.41.07:820][  0]LogContentBrowser: Native class hierarchy updated for 'SceneOutliner' in 0.0004 seconds. Added 1 classes and 2 folders.
[2015.07.21-01.41.07:849][  0]LogCrashTracker: Crashtracker disabled due to settings.
[2015.07.21-01.41.07:850][  0]LogD3D11RHI: InitD3DDevice
[2015.07.21-01.41.07:855][  0]LogUObjectGlobals:Warning: Failed to find object 'Class None.'
[2015.07.21-01.41.07:878][  0]LogLoad: Full Startup: 9.99 seconds (BP compile: 0.43 seconds)
[2015.07.21-01.41.07:928][  0]SourceControl: Info Client Unreal
[2015.07.21-01.41.07:928][  0]SourceControl: Info Update 2015/07/20 20:34:16
[2015.07.21-01.41.07:928][  0]SourceControl: Info Access 2015/07/20 20:34:16
[2015.07.21-01.41.07:928][  0]SourceControl: Info Owner Badca52
[2015.07.21-01.41.07:928][  0]SourceControl: Info Host JeffW8
[2015.07.21-01.41.07:928][  0]SourceControl: Info Description Created by Badca52.

[2015.07.21-01.41.07:928][  0]SourceControl: Info Root C:\Users\Jeffrey\Documents\Unreal Projects\FPSGame
[2015.07.21-01.41.07:928][  0]SourceControl: Info Options noallwrite noclobber nocompress unlocked nomodtime normdir
[2015.07.21-01.41.07:928][  0]SourceControl: Info SubmitOptions submitunchanged
[2015.07.21-01.41.07:928][  0]SourceControl: Info LineEnd local
[2015.07.21-01.41.07:929][  0]SourceControl: Info View0 //FPSGame/... //Unreal/FPSGame/...
[2015.07.21-01.41.07:929][  0]SourceControl: Info specFormatted 
[2015.07.21-01.41.07:929][  0]SourceControl: Info func client-FstatInfo
[2015.07.21-01.41.07:929][  0]LogContentStreaming: Texture pool size is 0.000000MB
[2015.07.21-01.41.07:954][  0]LogContentStreaming: Texture pool size now 1000 MB
[2015.07.21-01.41.08:072][  0]LogRenderer: Reallocating scene render targets to support 1032x576 (Frame:2).
[2015.07.21-01.41.10:334][  7]LogAssetRegistry: Asset discovery search completed in 6.2215 seconds
[2015.07.21-01.41.11:331][ 10]LogSourceControl: Attempting 'p4 fstat -Or C:/Users/Jeffrey/Documents/Unreal Projects/FPSGame/Content/FirstPersonBP/FirstPersonOverview.uasset'
[2015.07.21-01.41.11:331][ 10]SourceControl:Error: Error C:/Users/Jeffrey/Documents/Unreal Projects/FPSGame/Content/FirstPersonBP/FirstPersonOverview.uasset - file(s) not in client view.

[2015.07.21-01.41.15:042][ 21]LogD3D11RHI: InitD3DDevice
[2015.07.21-01.41.18:017][ 30]LogD3D11RHI: InitD3DDevice
[2015.07.21-01.41.24:065][733]LogD3D11RHI: InitD3DDevice
[2015.07.21-01.41.25:155][859]LogD3D11RHI: InitD3DDevice
[2015.07.21-01.41.25:496][895]LogD3D11RHI: InitD3DDevice
[2015.07.21-01.41.30:892][537]LogD3D11RHI: InitD3DDevice
[2015.07.21-01.41.34:146][923]LogD3D11RHI: InitD3DDevice
[2015.07.21-01.48.30:391][ 12]LogD3D11RHI: InitD3DDevice
[2015.07.21-01.48.33:724][408]LogD3D11RHI: InitD3DDevice
[2015.07.21-01.48.35:915][667]LogD3D11RHI: InitD3DDevice
[2015.07.21-01.48.35:971][670]LogSourceControl: Attempting 'p4 fstat -Or C:/Users/Jeffrey/Documents/Unreal Projects/FPSGame/Config/DefaultGame.ini'
[2015.07.21-01.48.35:981][671]SourceControl:Error: Error C:/Users/Jeffrey/Documents/Unreal Projects/FPSGame/Config/DefaultGame.ini - file(s) not in client view.

[2015.07.21-01.48.36:979][790]LogSourceControl: Attempting 'p4 fstat -Or C:/Users/Jeffrey/Documents/Unreal Projects/FPSGame/Config/DefaultGame.ini'
[2015.07.21-01.48.36:980][790]SourceControl:Error: Error C:/Users/Jeffrey/Documents/Unreal Projects/FPSGame/Config/DefaultGame.ini - file(s) not in client view.

[2015.07.21-01.48.37:973][908]LogSourceControl: Attempting 'p4 fstat -Or C:/Users/Jeffrey/Documents/Unreal Projects/FPSGame/Config/DefaultGame.ini'
[2015.07.21-01.48.37:985][909]SourceControl:Error: Error C:/Users/Jeffrey/Documents/Unreal Projects/FPSGame/Config/DefaultGame.ini - file(s) not in client view.

[2015.07.21-01.48.38:984][ 29]LogSourceControl: Attempting 'p4 fstat -Or C:/Users/Jeffrey/Documents/Unreal Projects/FPSGame/Config/DefaultGame.ini'
[2015.07.21-01.48.38:985][ 29]SourceControl:Error: Error C:/Users/Jeffrey/Documents/Unreal Projects/FPSGame/Config/DefaultGame.ini - file(s) not in client view.

[2015.07.21-01.48.39:983][149]LogSourceControl: Attempting 'p4 fstat -Or C:/Users/Jeffrey/Documents/Unreal Projects/FPSGame/Config/DefaultGame.ini'
[2015.07.21-01.48.39:993][150]SourceControl:Error: Error C:/Users/Jeffrey/Documents/Unreal Projects/FPSGame/Config/DefaultGame.ini - file(s) not in client view.

[2015.07.21-01.48.40:984][269]LogSourceControl: Attempting 'p4 fstat -Or C:/Users/Jeffrey/Documents/Unreal Projects/FPSGame/Config/DefaultGame.ini'
[2015.07.21-01.48.40:994][270]SourceControl:Error: Error C:/Users/Jeffrey/Documents/Unreal Projects/FPSGame/Config/DefaultGame.ini - file(s) not in client view.

[2015.07.21-01.48.41:984][389]LogSourceControl: Attempting 'p4 fstat -Or C:/Users/Jeffrey/Documents/Unreal Projects/FPSGame/Config/DefaultGame.ini'
[2015.07.21-01.48.41:994][390]SourceControl:Error: Error C:/Users/Jeffrey/Documents/Unreal Projects/FPSGame/Config/DefaultGame.ini - file(s) not in client view.

[2015.07.21-01.48.42:985][509]LogSourceControl: Attempting 'p4 fstat -Or C:/Users/Jeffrey/Documents/Unreal Projects/FPSGame/Config/DefaultGame.ini'
[2015.07.21-01.48.42:986][509]SourceControl:Error: Error C:/Users/Jeffrey/Documents/Unreal Projects/FPSGame/Config/DefaultGame.ini - file(s) not in client view.

[2015.07.21-01.48.43:984][629]LogSourceControl: Attempting 'p4 fstat -Or C:/Users/Jeffrey/Documents/Unreal Projects/FPSGame/Config/DefaultGame.ini'
[2015.07.21-01.48.43:994][630]SourceControl:Error: Error C:/Users/Jeffrey/Documents/Unreal Projects/FPSGame/Config/DefaultGame.ini - file(s) not in client view.

[2015.07.21-01.48.44:985][749]LogSourceControl: Attempting 'p4 fstat -Or C:/Users/Jeffrey/Documents/Unreal Projects/FPSGame/Config/DefaultGame.ini'
[2015.07.21-01.48.44:994][750]SourceControl:Error: Error C:/Users/Jeffrey/Documents/Unreal Projects/FPSGame/Config/DefaultGame.ini - file(s) not in client view.

[2015.07.21-01.48.45:993][870]LogSourceControl: Attempting 'p4 fstat -Or C:/Users/Jeffrey/Documents/Unreal Projects/FPSGame/Config/DefaultGame.ini'
[2015.07.21-01.48.46:003][871]SourceControl:Error: Error C:/Users/Jeffrey/Documents/Unreal Projects/FPSGame/Config/DefaultGame.ini - file(s) not in client view.

[2015.07.21-01.48.46:997][990]LogSourceControl: Attempting 'p4 fstat -Or C:/Users/Jeffrey/Documents/Unreal Projects/FPSGame/Config/DefaultGame.ini'
[2015.07.21-01.48.46:998][990]SourceControl:Error: Error C:/Users/Jeffrey/Documents/Unreal Projects/FPSGame/Config/DefaultGame.ini - file(s) not in client view.

[2015.07.21-01.48.47:997][110]LogSourceControl: Attempting 'p4 fstat -Or C:/Users/Jeffrey/Documents/Unreal Projects/FPSGame/Config/DefaultGame.ini'
[2015.07.21-01.48.47:998][110]SourceControl:Error: Error C:/Users/Jeffrey/Documents/Unreal Projects/FPSGame/Config/DefaultGame.ini - file(s) not in client view.

[2015.07.21-01.48.48:998][230]LogSourceControl: Attempting 'p4 fstat -Or C:/Users/Jeffrey/Documents/Unreal Projects/FPSGame/Config/DefaultGame.ini'
[2015.07.21-01.48.49:000][230]SourceControl:Error: Error C:/Users/Jeffrey/Documents/Unreal Projects/FPSGame/Config/DefaultGame.ini - file(s) not in client view.

[2015.07.21-01.48.49:999][350]LogSourceControl: Attempting 'p4 fstat -Or C:/Users/Jeffrey/Documents/Unreal Projects/FPSGame/Config/DefaultGame.ini'
[2015.07.21-01.48.50:009][351]SourceControl:Error: Error C:/Users/Jeffrey/Documents/Unreal Projects/FPSGame/Config/DefaultGame.ini - file(s) not in client view.

[2015.07.21-01.48.51:008][466]LogSourceControl: Attempting 'p4 fstat -Or C:/Users/Jeffrey/Documents/Unreal Projects/FPSGame/Config/DefaultGame.ini'
[2015.07.21-01.48.51:009][466]SourceControl:Error: Error C:/Users/Jeffrey/Documents/Unreal Projects/FPSGame/Config/DefaultGame.ini - file(s) not in client view.

[2015.07.21-01.48.52:619][656]LogD3D11RHI: InitD3DDevice
[2015.07.21-01.48.53:853][799]LogD3D11RHI: InitD3DDevice
[2015.07.21-01.49.04:677][ 87]LogD3D11RHI: InitD3DDevice
[2015.07.21-01.49.09:725][684]LogD3D11RHI: InitD3DDevice
[2015.07.21-01.49.10:310][750]LogD3D11RHI: InitD3DDevice
[2015.07.21-01.49.10:744][796]LogD3D11RHI: InitD3DDevice
[2015.07.21-01.49.12:004][941]LogD3D11RHI: InitD3DDevice
[2015.07.21-01.49.13:809][153]LogD3D11RHI: InitD3DDevice
[2015.07.21-01.49.13:827][155]LogSourceControl: Attempting 'p4 clients -u Badca52'
[2015.07.21-01.49.13:830][155]LogSourceControl:Error:  Badca52_JeffW8_7961 client specs rejected due to root directory mismatch (h:/perforce/workspaces/fpsgame/)
[2015.07.21-01.49.13:830][155]LogSourceControl:Error:  FPSGameFiles client specs rejected due to root directory mismatch (h:/perforce/workspaces/fpsgamefiles/)
[2015.07.21-01.49.13:830][155]LogSourceControl:Error:  UE4FPSGame client specs rejected due to root directory mismatch (h:/perforce/ue4fpsgame/)
[2015.07.21-02.04.15:243][955]LogD3D11RHI: InitD3DDevice
[2015.07.21-02.05.13:869][719]SourceControl:Error: Error Failed to enable Git source control. You need to initialize the project as a Git repository first.
[2015.07.21-02.05.13:892][719]LogD3D11RHI: InitD3DDevice
[2015.07.21-02.06.26:607][860]LogD3D11RHI: InitD3DDevice
[2015.07.21-02.06.28:925][136]SourceControl: Info Source control is disabled
[2015.07.21-02.06.29:819][239]LogD3D11RHI: InitD3DDevice
[2015.07.21-02.06.31:109][391]LogSourceControl:Error: P4ERROR: Invalid connection to server.
[2015.07.21-02.06.31:109][391]LogSourceControl:Error: Partner exited unexpectedly.

[2015.07.21-02.08.14:975][376]SourceControl: Info Source control is disabled
[2015.07.21-02.08.15:819][470]LogD3D11RHI: InitD3DDevice
[2015.07.21-02.16.15:312][216]Cmd: QUIT_EDITOR
[2015.07.21-02.16.15:427][216]LogWindowsTextInputMethodSystem:Display: IME system now deactivated.
[2015.07.21-02.16.15:580][216]LogExit: Preparing to exit.
[2015.07.21-02.16.16:151][216]LogExit: Editor shut down
[2015.07.21-02.16.16:151][216]LogExit: Transaction tracking system shut down
[2015.07.21-02.16.16:153][216]LogParticles: Destroying 0 GPU particle simulations for FXSystem 0x000000F908013380
[2015.07.21-02.16.16:153][216]LogParticles: Destroying 0 GPU particle simulations for FXSystem 0x000000F907ED6D40
[2015.07.21-02.16.16:339][216]LogExit: Object subsystem successfully closed.
[2015.07.21-02.16.16:358][216]LogD3D11RHI: Shutdown
[2015.07.21-02.16.16:358][216]LogD3D11RHI: CleanupD3DDevice
[2015.07.21-02.16.16:386][216]LogD3D11RHI: ~FD3D11DynamicRHI
[2015.07.21-02.16.16:403][216]LogModuleManager: Shutting down and abandoning module ExternalImagePicker (189)
[2015.07.21-02.16.16:403][216]LogModuleManager: Shutting down and abandoning module CrashTracker (188)
[2015.07.21-02.16.16:403][216]LogModuleManager: Shutting down and abandoning module SceneOutliner (187)
[2015.07.21-02.16.16:403][216]LogModuleManager: Shutting down and abandoning module SuperSearch (186)
[2015.07.21-02.16.16:403][216]LogModuleManager: Shutting down and abandoning module WidgetCarousel (185)
[2015.07.21-02.16.16:403][216]LogModuleManager: Shutting down and abandoning module AddContentDialog (184)
[2015.07.21-02.16.16:403][216]LogModuleManager: Shutting down and abandoning module EditorWidgets (183)
[2015.07.21-02.16.16:403][216]LogModuleManager: Shutting down and abandoning module CollectionManager (182)
[2015.07.21-02.16.16:403][216]LogModuleManager: Shutting down and abandoning module StatsViewer (181)
[2015.07.21-02.16.16:403][216]LogModuleManager: Shutting down and abandoning module FoliageEdit (180)
[2015.07.21-02.16.16:404][216]LogModuleManager: Shutting down and abandoning module LandscapeEditor (179)
[2015.07.21-02.16.16:404][216]LogModuleManager: Shutting down and abandoning module ActorPickerMode (178)
[2015.07.21-02.16.16:404][216]LogModuleManager: Shutting down and abandoning module GeometryMode (177)
[2015.07.21-02.16.16:404][216]LogModuleManager: Shutting down and abandoning module TextureAlignMode (176)
[2015.07.21-02.16.16:404][216]LogModuleManager: Shutting down and abandoning module BspMode (175)
[2015.07.21-02.16.16:404][216]LogModuleManager: Shutting down and abandoning module PlacementMode (174)
[2015.07.21-02.16.16:404][216]LogModuleManager: Shutting down and abandoning module AutomationWorker (173)
[2015.07.21-02.16.16:404][216]LogModuleManager: Shutting down and abandoning module CharacterAI (172)
[2015.07.21-02.16.16:404][216]LogModuleManager: Shutting down and abandoning module SmartSnapping (171)
[2015.07.21-02.16.16:404][216]LogModuleManager: Shutting down and abandoning module ViewportSnapping (170)
[2015.07.21-02.16.16:404][216]LogModuleManager: Shutting down and abandoning module LogVisualizer (169)
[2015.07.21-02.16.16:404][216]LogModuleManager: Shutting down and abandoning module GameProjectGeneration (168)
[2015.07.21-02.16.16:404][216]LogModuleManager: Shutting down and abandoning module IntroTutorials (167)
[2015.07.21-02.16.16:404][216]LogModuleManager: Shutting down and abandoning module EditorLiveStreaming (166)
[2015.07.21-02.16.16:404][216]LogModuleManager: Shutting down and abandoning module IOSPlatformEditor (165)
[2015.07.21-02.16.16:404][216]LogModuleManager: Shutting down and abandoning module HTML5PlatformEditor (164)
[2015.07.21-02.16.16:404][216]LogModuleManager: Shutting down and abandoning module AndroidDeviceDetection (163)
[2015.07.21-02.16.16:827][216]LogModuleManager: Shutting down and abandoning module AndroidPlatformEditor (162)
[2015.07.21-02.16.16:827][216]LogModuleManager: Shutting down and abandoning module IOSRuntimeSettings (161)
[2015.07.21-02.16.16:827][216]LogModuleManager: Shutting down and abandoning module AndroidRuntimeSettings (160)
[2015.07.21-02.16.16:827][216]LogModuleManager: Shutting down and abandoning module MergeActors (159)
[2015.07.21-02.16.16:827][216]LogModuleManager: Shutting down and abandoning module SizeMap (158)
[2015.07.21-02.16.16:827][216]LogModuleManager: Shutting down and abandoning module TreeMap (157)
[2015.07.21-02.16.16:827][216]LogModuleManager: Shutting down and abandoning module ReferenceViewer (156)
[2015.07.21-02.16.16:827][216]LogModuleManager: Shutting down and abandoning module LocalizationDashboard (155)
[2015.07.21-02.16.16:827][216]LogModuleManager: Shutting down and abandoning module HardwareTargeting (154)
[2015.07.21-02.16.16:827][216]LogModuleManager: Shutting down and abandoning module DeviceProfileEditor (153)
[2015.07.21-02.16.16:827][216]LogModuleManager: Shutting down and abandoning module UndoHistory (152)
[2015.07.21-02.16.16:827][216]LogModuleManager: Shutting down and abandoning module GameplayTagsEditor (151)
[2015.07.21-02.16.16:827][216]LogModuleManager: Shutting down and abandoning module UserFeedback (150)
[2015.07.21-02.16.16:827][216]LogModuleManager: Shutting down and abandoning module XmlParser (149)
[2015.07.21-02.16.16:827][216]LogModuleManager: Shutting down and abandoning module Blutility (148)
[2015.07.21-02.16.16:827][216]LogModuleManager: Shutting down and abandoning module ProjectTargetPlatformEditor (147)
[2015.07.21-02.16.16:827][216]LogModuleManager: Shutting down and abandoning module ProjectSettingsViewer (146)
[2015.07.21-02.16.16:828][216]LogModuleManager: Shutting down and abandoning module InputBindingEditor (145)
[2015.07.21-02.16.16:828][216]LogModuleManager: Shutting down and abandoning module EditorSettingsViewer (144)
[2015.07.21-02.16.16:828][216]LogModuleManager: Shutting down and abandoning module SettingsEditor (143)
[2015.07.21-02.16.16:828][216]LogModuleManager: Shutting down and abandoning module ProjectLauncher (142)
[2015.07.21-02.16.16:828][216]LogModuleManager: Shutting down and abandoning module SessionFrontend (141)
[2015.07.21-02.16.16:828][216]LogModuleManager: Shutting down and abandoning module ProfilerClient (140)
[2015.07.21-02.16.16:828][216]LogModuleManager: Shutting down and abandoning module TargetDeviceServices (139)
[2015.07.21-02.16.16:828][216]LogModuleManager: Shutting down and abandoning module DeviceManager (138)
[2015.07.21-02.16.16:828][216]LogModuleManager: Shutting down and abandoning module AutomationController (137)
[2015.07.21-02.16.16:828][216]LogModuleManager: Shutting down and abandoning module AutomationWindow (136)
[2015.07.21-02.16.16:828][216]LogModuleManager: Shutting down and abandoning module Layers (135)
[2015.07.21-02.16.16:828][216]LogModuleManager: Shutting down and abandoning module ComponentVisualizers (134)
[2015.07.21-02.16.16:828][216]LogModuleManager: Shutting down and abandoning module DetailCustomizations (133)
[2015.07.21-02.16.16:829][216]LogModuleManager: Shutting down and abandoning module PackagesDialog (132)
[2015.07.21-02.16.16:829][216]LogModuleManager: Shutting down and abandoning module AssetRegistry (131)
[2015.07.21-02.16.16:932][216]LogModuleManager: Shutting down and abandoning module Persona (130)
[2015.07.21-02.16.16:932][216]LogModuleManager: Shutting down and abandoning module Kismet (129)
[2015.07.21-02.16.16:932][216]LogModuleManager: Shutting down and abandoning module GraphEditor (128)
[2015.07.21-02.16.16:932][216]LogModuleManager: Shutting down and abandoning module ClassViewer (127)
[2015.07.21-02.16.16:932][216]LogModuleManager: Shutting down and abandoning module Toolbox (126)
[2015.07.21-02.16.16:932][216]LogModuleManager: Shutting down and abandoning module ModuleUI (125)
[2015.07.21-02.16.16:932][216]LogModuleManager: Shutting down and abandoning module MovieSceneTools (124)
[2015.07.21-02.16.16:932][216]LogModuleManager: Shutting down and abandoning module OutputLog (123)
[2015.07.21-02.16.16:932][216]LogModuleManager: Shutting down and abandoning module GammaUI (122)
[2015.07.21-02.16.16:932][216]LogModuleManager: Shutting down and abandoning module Documentation (121)
[2015.07.21-02.16.16:932][216]LogModuleManager: Shutting down and abandoning module GameLiveStreaming (120)
[2015.07.21-02.16.16:932][216]LogModuleManager: Shutting down and abandoning module StreamingPauseRendering (119)
[2015.07.21-02.16.16:932][216]LogModuleManager: Shutting down and abandoning module AnalyticsET (118)
[2015.07.21-02.16.16:932][216]LogModuleManager: Shutting down and abandoning module Analytics (117)
[2015.07.21-02.16.16:932][216]LogModuleManager: Shutting down and abandoning module AITestSuite (116)
[2015.07.21-02.16.16:932][216]LogModuleManager: Shutting down and abandoning module GameplayDebugger (115)
[2015.07.21-02.16.16:932][216]LogModuleManager: Shutting down and abandoning module AIModule (114)
[2015.07.21-02.16.16:932][216]LogModuleManager: Shutting down and abandoning module ProfilerService (113)
[2015.07.21-02.16.16:959][216]LogModuleManager: Shutting down and abandoning module TaskGraph (112)
[2015.07.21-02.16.16:959][216]LogModuleManager: Shutting down and abandoning module SlateRemote (111)
[2015.07.21-02.16.16:959][216]LogModuleManager: Shutting down and abandoning module SteamVRController (110)
[2015.07.21-02.16.16:959][216]LogModuleManager: Shutting down and abandoning module SteamVR (109)
[2015.07.21-02.16.16:959][216]LogModuleManager: Shutting down and abandoning module ProceduralMeshComponent (108)
[2015.07.21-02.16.16:959][216]LogModuleManager: Shutting down and abandoning module OculusRift (107)
[2015.07.21-02.16.16:959][216]LogModuleManager: Shutting down and abandoning module LeapMotionController (106)
[2015.07.21-02.16.16:974][216]LogModuleManager: Shutting down and abandoning module CustomMeshComponent (105)
[2015.07.21-02.16.16:974][216]LogModuleManager: Shutting down and abandoning module CableComponent (104)
[2015.07.21-02.16.16:974][216]LogModuleManager: Shutting down and abandoning module MessagingDebugger (103)
[2015.07.21-02.16.16:974][216]LogModuleManager: Shutting down and abandoning module MediaPlayerEditor (102)
[2015.07.21-02.16.16:975][216]LogModuleManager: Shutting down and abandoning module SpeedTreeImporter (101)
[2015.07.21-02.16.16:975][216]LogModuleManager: Shutting down and abandoning module PluginBrowser (100)
[2015.07.21-02.16.16:975][216]LogModuleManager: Shutting down and abandoning module EpicSurvey (99)
[2015.07.21-02.16.16:975][216]LogModuleManager: Shutting down and abandoning module DesktopPlatform (98)
[2015.07.21-02.16.16:975][216]LogModuleManager: Shutting down and abandoning module VisualStudioSourceCodeAccess (97)
[2015.07.21-02.16.16:975][216]LogModuleManager: Shutting down and abandoning module UObjectPlugin (96)
[2015.07.21-02.16.16:975][216]LogModuleManager: Shutting down and abandoning module SubversionSourceControl (95)
[2015.07.21-02.16.16:975][216]LogModuleManager: Shutting down and abandoning module PerforceSourceControl (94)
[2015.07.21-02.16.16:975][216]LogModuleManager: Shutting down and abandoning module SourceControl (93)
[2015.07.21-02.16.16:975][216]LogModuleManager: Shutting down and abandoning module GitSourceControl (92)
[2015.07.21-02.16.16:975][216]LogModuleManager: Shutting down and abandoning module BlankPlugin (91)
[2015.07.21-02.16.16:975][216]LogModuleManager: Shutting down and abandoning module PaperTiledImporter (90)
[2015.07.21-02.16.16:975][216]LogModuleManager: Shutting down and abandoning module PaperSpriteSheetImporter (89)
[2015.07.21-02.16.16:975][216]LogModuleManager: Shutting down and abandoning module MeshPaint (88)
[2015.07.21-02.16.16:975][216]LogModuleManager: Shutting down and abandoning module SlateReflector (87)
[2015.07.21-02.16.16:975][216]LogModuleManager: Shutting down and abandoning module DirectoryWatcher (86)
[2015.07.21-02.16.16:975][216]LogModuleManager: Shutting down and abandoning module HotReload (85)
[2015.07.21-02.16.16:975][216]LogModuleManager: Shutting down and abandoning module MainFrame (84)
[2015.07.21-02.16.16:975][216]LogModuleManager: Shutting down and abandoning module LevelEditor (83)
[2015.07.21-02.16.16:976][216]LogModuleManager: Shutting down and abandoning module ContentBrowser (82)
[2015.07.21-02.16.16:977][216]LogModuleManager: Shutting down and abandoning module Paper2DEditor (81)
[2015.07.21-02.16.16:977][216]LogModuleManager: Shutting down and abandoning module UdpMessaging (80)
[2015.07.21-02.16.17:078][216]LogModuleManager: Shutting down and abandoning module Paper2D (79)
[2015.07.21-02.16.17:078][216]LogModuleManager: Shutting down and abandoning module WindowsMoviePlayer (78)
[2015.07.21-02.16.17:082][216]LogModuleManager: Shutting down and abandoning module Media (77)
[2015.07.21-02.16.17:082][216]LogModuleManager: Shutting down and abandoning module WmfMedia (76)
[2015.07.21-02.16.17:082][216]LogModuleManager: Shutting down and abandoning module OnlineBlueprintSupport (75)
[2015.07.21-02.16.17:082][216]LogModuleManager: Shutting down and abandoning module PropertyEditor (74)
[2015.07.21-02.16.17:082][216]LogModuleManager: Shutting down and abandoning module BehaviorTreeEditor (73)
[2015.07.21-02.16.17:082][216]LogModuleManager: Shutting down and abandoning module FunctionalTesting (72)
[2015.07.21-02.16.17:082][216]LogModuleManager: Shutting down and abandoning module CollisionAnalyzer (71)
[2015.07.21-02.16.17:082][216]LogModuleManager: Shutting down and abandoning module WorkspaceMenuStructure (70)
[2015.07.21-02.16.17:082][216]LogModuleManager: Shutting down and abandoning module MessageLog (69)
[2015.07.21-02.16.17:082][216]LogModuleManager: Shutting down and abandoning module Sequencer (68)
[2015.07.21-02.16.17:082][216]LogModuleManager: Shutting down and abandoning module AssetTools (67)
[2015.07.21-02.16.17:082][216]LogModuleManager: Shutting down and abandoning module UMGEditor (66)
[2015.07.21-02.16.17:082][216]LogModuleManager: Shutting down and abandoning module UMG (65)
[2015.07.21-02.16.17:083][216]LogModuleManager: Shutting down and abandoning module Slate (64)
[2015.07.21-02.16.17:083][216]LogModuleManager: Shutting down and abandoning module EditorStyle (63)
[2015.07.21-02.16.17:086][216]LogModuleManager: Shutting down and abandoning module SessionServices (62)
[2015.07.21-02.16.17:086][216]LogModuleManager: Shutting down and abandoning module SourceCodeAccess (61)
[2015.07.21-02.16.17:086][216]LogModuleManager: Shutting down and abandoning module HeadMountedDisplay (60)
[2015.07.21-02.16.17:086][216]LogModuleManager: Shutting down and abandoning module XAudio2 (59)
[2015.07.21-02.16.17:086][216]LogModuleManager: Shutting down and abandoning module Networking (57)
[2015.07.21-02.16.17:086][216]LogModuleManager: Shutting down and abandoning module Core (56)
[2015.07.21-02.16.17:086][216]LogModuleManager: Shutting down and abandoning module KismetCompiler (55)
[2015.07.21-02.16.17:086][216]LogModuleManager: Shutting down and abandoning module PhysXFormats (54)
[2015.07.21-02.16.17:086][216]LogModuleManager: Shutting down and abandoning module MeshUtilities (53)
[2015.07.21-02.16.17:086][216]LogModuleManager: Shutting down and abandoning module DerivedDataCache (52)
[2015.07.21-02.16.17:094][216]LogDerivedDataCache: Shutdown
[2015.07.21-02.16.17:094][216]LogModuleManager: Shutting down and abandoning module ShaderFormatOpenGL (51)
[2015.07.21-02.16.17:094][216]LogModuleManager: Shutting down and abandoning module ShaderFormatD3D (50)
[2015.07.21-02.16.17:094][216]LogModuleManager: Shutting down and abandoning module MetalShaderFormat (49)
[2015.07.21-02.16.17:094][216]LogModuleManager: Shutting down and abandoning module TextureFormatUncompressed (48)
[2015.07.21-02.16.17:094][216]LogModuleManager: Shutting down and abandoning module TextureFormatPVR (47)
[2015.07.21-02.16.17:094][216]LogModuleManager: Shutting down and abandoning module TextureFormatIntelISPCTexComp (46)
[2015.07.21-02.16.17:094][216]LogModuleManager: Shutting down and abandoning module TextureFormatDXT (45)
[2015.07.21-02.16.17:094][216]LogModuleManager: Shutting down and abandoning module ImageWrapper (44)
[2015.07.21-02.16.17:094][216]LogModuleManager: Shutting down and abandoning module TextureFormatASTC (43)
[2015.07.21-02.16.17:094][216]LogModuleManager: Shutting down and abandoning module TextureFormatAndroid (42)
[2015.07.21-02.16.17:094][216]LogModuleManager: Shutting down and abandoning module AudioFormatOpus (41)
[2015.07.21-02.16.17:094][216]LogModuleManager: Shutting down and abandoning module AudioFormatOgg (40)
[2015.07.21-02.16.17:094][216]LogModuleManager: Shutting down and abandoning module AudioFormatADPCM (39)
[2015.07.21-02.16.17:094][216]LogModuleManager: Shutting down and abandoning module LinuxTargetPlatform (38)
[2015.07.21-02.16.17:094][216]LogModuleManager: Shutting down and abandoning module LinuxServerTargetPlatform (37)
[2015.07.21-02.16.17:094][216]LogModuleManager: Shutting down and abandoning module LinuxNoEditorTargetPlatform (36)
[2015.07.21-02.16.17:094][216]LogModuleManager: Shutting down and abandoning module Messaging (35)
[2015.07.21-02.16.17:094][216]LogModuleManager: Shutting down and abandoning module IOSTargetPlatform (34)
[2015.07.21-02.16.17:094][216]LogModuleManager: Shutting down and abandoning module HTML5TargetPlatform (33)
[2015.07.21-02.16.17:094][216]LogModuleManager: Shutting down and abandoning module Android_PVRTCTargetPlatform (32)
[2015.07.21-02.16.17:094][216]LogModuleManager: Shutting down and abandoning module Android_ETC2TargetPlatform (31)
[2015.07.21-02.16.17:094][216]LogModuleManager: Shutting down and abandoning module Android_ETC1TargetPlatform (30)
[2015.07.21-02.16.17:094][216]LogModuleManager: Shutting down and abandoning module Android_DXTTargetPlatform (29)
[2015.07.21-02.16.17:094][216]LogModuleManager: Shutting down and abandoning module Android_ATCTargetPlatform (28)
[2015.07.21-02.16.17:094][216]LogModuleManager: Shutting down and abandoning module Android_ASTCTargetPlatform (27)
[2015.07.21-02.16.17:094][216]LogModuleManager: Shutting down and abandoning module AndroidTargetPlatform (26)
[2015.07.21-02.16.17:094][216]LogModuleManager: Shutting down and abandoning module WindowsTargetPlatform (25)
[2015.07.21-02.16.17:094][216]LogModuleManager: Shutting down and abandoning module WindowsServerTargetPlatform (24)
[2015.07.21-02.16.17:094][216]LogModuleManager: Shutting down and abandoning module WindowsNoEditorTargetPlatform (23)
[2015.07.21-02.16.17:094][216]LogModuleManager: Shutting down and abandoning module WindowsClientTargetPlatform (22)
[2015.07.21-02.16.17:094][216]LogModuleManager: Shutting down and abandoning module DesktopTargetPlatform (21)
[2015.07.21-02.16.17:094][216]LogModuleManager: Shutting down and abandoning module TargetPlatform (20)
[2015.07.21-02.16.17:094][216]LogModuleManager: Shutting down and abandoning module InputCore (19)
[2015.07.21-02.16.17:094][216]LogModuleManager: Shutting down and abandoning module Settings (18)
[2015.07.21-02.16.17:094][216]LogModuleManager: Shutting down and abandoning module OnlineSubsystem (16)
[2015.07.21-02.16.17:094][216]LogModuleManager: Shutting down and abandoning module HTTP (15)
[2015.07.21-02.16.17:094][216]LogModuleManager: Shutting down and abandoning module ExampleDeviceProfileSelector (14)
[2015.07.21-02.16.17:094][216]LogModuleManager: Shutting down and abandoning module TextureCompressor (13)
[2015.07.21-02.16.17:094][216]LogModuleManager: Shutting down and abandoning module ShaderCore (12)
[2015.07.21-02.16.17:095][216]LogModuleManager: Shutting down and abandoning module Landscape (11)
[2015.07.21-02.16.17:095][216]LogModuleManager: Shutting down and abandoning module SlateRHIRenderer (10)
[2015.07.21-02.16.17:095][216]LogModuleManager: Shutting down and abandoning module OpenGLDrv (9)
[2015.07.21-02.16.17:095][216]LogModuleManager: Shutting down and abandoning module D3D11RHI (8)
[2015.07.21-02.16.17:095][216]LogModuleManager: Shutting down and abandoning module Renderer (7)
[2015.07.21-02.16.17:096][216]LogModuleManager: Shutting down and abandoning module Engine (6)
[2015.07.21-02.16.17:096][216]LogModuleManager: Shutting down and abandoning module CoreUObject (5)
[2015.07.21-02.16.17:096][216]LogModuleManager: Shutting down and abandoning module NetworkFile (4)
[2015.07.21-02.16.17:096][216]LogModuleManager: Shutting down and abandoning module StreamingFile (3)
[2015.07.21-02.16.17:096][216]LogModuleManager: Shutting down and abandoning module SandboxFile (2)
[2015.07.21-02.16.17:096][216]LogModuleManager: Shutting down and abandoning module PakFile (1)
[2015.07.21-02.16.17:096][216]LogExit: Exiting.
[2015.07.21-02.16.17:106][216]Log file closed, 07/20/15 21:16:17
