[2015.07.21-03.22.34:481][  0]Log file open, 07/20/15 22:22:34
[2015.07.21-03.22.34:481][  0]LogInit:Display: Running engine for game: FPSGame
[2015.07.21-03.22.34:481][  0]LogInit:Display: RandInit(-1688734115) SRandInit(-1688734114).
[2015.07.21-03.22.34:481][  0]LogTaskGraph: Started task graph with 4 named threads and 7 total threads.
[2015.07.21-03.22.34:481][  0]LogStats: Stats thread started
[2015.07.21-03.22.34:481][  0]LogInit: Version: 4.8.2-2614606+++depot+UE4-Releases+4.8
[2015.07.21-03.22.34:481][  0]LogInit: API Version: 2579680
[2015.07.21-03.22.34:481][  0]LogInit: Compiled (64-bit): Jul  8 2015 23:43:41
[2015.07.21-03.22.34:481][  0]LogInit: Compiled with Visual C++: 18.00.21005.01
[2015.07.21-03.22.34:481][  0]LogInit: Build Configuration: Development
[2015.07.21-03.22.34:481][  0]LogInit: Branch Name: ++depot+UE4-Releases+4.8
[2015.07.21-03.22.34:481][  0]LogInit: Command line: 
[2015.07.21-03.22.34:481][  0]LogInit: Base directory: H:/Unreal/Epic Games/4.8/Engine/Binaries/Win64/
[2015.07.21-03.22.34:481][  0]LogInit: Rocket: 1
[2015.07.21-03.22.34:490][  0]LogInit: Using libcurl 7.41.0
[2015.07.21-03.22.34:490][  0]LogInit:  - built for x86_64-pc-win32
[2015.07.21-03.22.34:490][  0]LogInit:  - supports SSL with WinSSL
[2015.07.21-03.22.34:490][  0]LogInit:  - other features:
[2015.07.21-03.22.34:490][  0]LogInit:      CURL_VERSION_SSL
[2015.07.21-03.22.34:491][  0]LogInit:      CURL_VERSION_IPV6
[2015.07.21-03.22.34:491][  0]LogInit:      CURL_VERSION_ASYNCHDNS
[2015.07.21-03.22.34:491][  0]LogInit:      CURL_VERSION_LARGEFILE
[2015.07.21-03.22.34:491][  0]LogInit:      CURL_VERSION_IDN
[2015.07.21-03.22.34:491][  0]LogInit:  CurlRequestOptions (configurable via config and command line):
[2015.07.21-03.22.34:491][  0]LogInit:  - bVerifyPeer = true  - Libcurl will verify peer certificate
[2015.07.21-03.22.34:491][  0]LogInit:  - bUseHttpProxy = false  - Libcurl will NOT use HTTP proxy
[2015.07.21-03.22.34:491][  0]LogInit:  - bDontReuseConnections = false  - Libcurl will reuse connections
[2015.07.21-03.22.34:491][  0]LogInit:  - CertBundlePath = nullptr  - Libcurl will use whatever was configured at build time.
[2015.07.21-03.22.34:499][  0]LogOnline:Warning: No default platform service specified for OnlineSubsystem
[2015.07.21-03.22.34:510][  0]LogInit: Presizing for 0 objects not considered by GC, pre-allocating 0 bytes.
[2015.07.21-03.22.34:518][  0]LogInit: Object subsystem initialized
[2015.07.21-03.22.34:519][  0]LogConsoleResponse:Warning: Skipping Unknown console variable: 'TranslucentSortAxis = (X=0.000000,Y=-1.000000,Z=0.000000)'
[2015.07.21-03.22.34:519][  0]LogConsoleResponse:Warning:   Found in ini file 'C:/Users/Jeffrey/Documents/Unreal Projects/FPSGame/Saved/Config/Windows/Engine.ini', in section '[/Script/Engine.RendererSettings]'
[2015.07.21-03.22.34:519][  0]LogConsoleResponse:Warning: Skipping Unknown console variable: 'UIScaleRule = ShortestSide'
[2015.07.21-03.22.34:519][  0]LogConsoleResponse:Warning:   Found in ini file 'C:/Users/Jeffrey/Documents/Unreal Projects/FPSGame/Saved/Config/Windows/Engine.ini', in section '[/Script/Engine.RendererSettings]'
[2015.07.21-03.22.34:519][  0]LogConsoleResponse:Warning: Skipping Unknown console variable: 'UIScaleCurve = (EditorCurveData=(Keys=),ExternalCurve=None)'
[2015.07.21-03.22.34:519][  0]LogConsoleResponse:Warning:   Found in ini file 'C:/Users/Jeffrey/Documents/Unreal Projects/FPSGame/Saved/Config/Windows/Engine.ini', in section '[/Script/Engine.RendererSettings]'
[2015.07.21-03.22.34:519][  0]LogInit: Selected Device Profile: [Windows]
[2015.07.21-03.22.34:519][  0]LogInit: Applying CVar settings loaded from the selected device profile: [Windows]
[2015.07.21-03.22.34:527][  0]LogInit: Computer: JEFFW8
[2015.07.21-03.22.34:527][  0]LogInit: User: Jeffrey
[2015.07.21-03.22.34:527][  0]LogInit: CPU Page size=4096, Cores=4
[2015.07.21-03.22.34:527][  0]LogInit: High frequency timer resolution =3.312787 MHz
[2015.07.21-03.22.34:527][  0]LogMemory: Memory total: Physical=16.0GB (16GB approx)
[2015.07.21-03.22.34:527][  0]LogMemory: Platform Memory Stats for Windows
[2015.07.21-03.22.34:527][  0]LogMemory: Process Physical Memory: 47.95 MB used, 47.95 MB peak
[2015.07.21-03.22.34:527][  0]LogMemory: Process Virtual Memory: 24.35 MB used, 24.35 MB peak
[2015.07.21-03.22.34:527][  0]LogMemory: Physical Memory: 7403.27 MB used, 16341.00 MB total
[2015.07.21-03.22.34:527][  0]LogMemory: Virtual Memory: 297.32 MB used, 134217728.00 MB total
[2015.07.21-03.22.34:554][  0]LogTextLocalizationManager: The requested culture ('en_US') has no localization data; parent culture's ('en') localization data will be used.
[2015.07.21-03.22.34:749][  0]LogTextLocalizationManager:Warning: Loaded localization resources contain conflicting entries for (Namespace:ContentBrowser, Key:ImportAssetToolTip):
Localization Resource: (H:/Unreal/Epic Games/4.8/Engine/Content/Localization/Editor/en/Editor.locres) Source String Hash: (-630476809) Localized String: (Import to {0}...)
Localization Resource: (H:/Unreal/Epic Games/4.8/Engine/Content/Localization/Editor/en/Editor.locres) Source String Hash: (1271782899) Localized String: (Imports an asset from file to this folder.)
[2015.07.21-03.22.35:188][  0]LogD3D11RHI: Found D3D11 adapter 0: AMD Radeon R9 200 / HD 7900 Series (Feature Level 11_0)
[2015.07.21-03.22.35:188][  0]LogD3D11RHI: Adapter has 3051MB of dedicated video memory, 0MB of dedicated system memory, and 3840MB of shared system memory, 3 output[s]
[2015.07.21-03.22.35:189][  0]LogD3D11RHI: Found D3D11 adapter 1: Microsoft Basic Render Driver (Feature Level 11_0)
[2015.07.21-03.22.35:189][  0]LogD3D11RHI: Adapter has 0MB of dedicated video memory, 0MB of dedicated system memory, and 256MB of shared system memory, 0 output[s]
[2015.07.21-03.22.35:189][  0]LogD3D11RHI: Chosen D3D11 Adapter Id = 0
[2015.07.21-03.22.35:196][  0]LogD3D11RHI: InitD3DDevice
[2015.07.21-03.22.35:196][  0]LogD3D11RHI: !Direct3DDevice
[2015.07.21-03.22.35:196][  0]LogRHI: Texture pool is 1361 MB (70% of 1945 MB)
[2015.07.21-03.22.35:202][  0]LogD3D11RHI: Async texture creation disabled: no driver support
[2015.07.21-03.22.35:212][  0]LogShaderCompilers:Display: Using Local Shader Compiler.
[2015.07.21-03.22.35:997][  0]LogTemp:Display: Loaded TP DesktopTargetPlatform
[2015.07.21-03.22.36:009][  0]LogTemp:Display: Loaded TP WindowsClientTargetPlatform
[2015.07.21-03.22.36:021][  0]LogTemp:Display: Loaded TP WindowsNoEditorTargetPlatform
[2015.07.21-03.22.36:033][  0]LogTemp:Display: Loaded TP WindowsServerTargetPlatform
[2015.07.21-03.22.36:047][  0]LogTemp:Display: Loaded TP WindowsTargetPlatform
[2015.07.21-03.22.36:058][  0]LogTemp:Display: Loaded TP AndroidTargetPlatform
[2015.07.21-03.22.36:068][  0]LogTemp:Display: Loaded TP Android_ASTCTargetPlatform
[2015.07.21-03.22.36:077][  0]LogTemp:Display: Loaded TP Android_ATCTargetPlatform
[2015.07.21-03.22.36:088][  0]LogTemp:Display: Loaded TP Android_DXTTargetPlatform
[2015.07.21-03.22.36:098][  0]LogTemp:Display: Loaded TP Android_ETC1TargetPlatform
[2015.07.21-03.22.36:109][  0]LogTemp:Display: Loaded TP Android_ETC2TargetPlatform
[2015.07.21-03.22.36:120][  0]LogTemp:Display: Loaded TP Android_PVRTCTargetPlatform
[2015.07.21-03.22.36:161][  0]LogTemp:Display: Loaded TP IOSTargetPlatform
[2015.07.21-03.22.36:171][  0]LogTemp:Display: Loaded TP LinuxNoEditorTargetPlatform
[2015.07.21-03.22.36:182][  0]LogTemp:Display: Loaded TP LinuxServerTargetPlatform
[2015.07.21-03.22.36:195][  0]LogTemp:Display: Loaded TP LinuxTargetPlatform
[2015.07.21-03.22.36:195][  0]LogTargetPlatformManager:Display: Building Assets For Windows
[2015.07.21-03.22.36:362][  0]LogDerivedDataCache:Display: Max Cache Size: 512 MB
[2015.07.21-03.22.36:410][  0]LogDerivedDataCache: Loaded boot cache 0.05s 53MB C:/Users/Jeffrey/AppData/Local/UnrealEngine/4.8/DerivedDataCache/Boot.ddc.
[2015.07.21-03.22.36:410][  0]LogDerivedDataCache:Display: Loaded Boot cache: C:/Users/Jeffrey/AppData/Local/UnrealEngine/4.8/DerivedDataCache/Boot.ddc
[2015.07.21-03.22.36:410][  0]LogDerivedDataCache: FDerivedDataBackendGraph:  Pak pak cache file C:/Users/Jeffrey/Documents/Unreal Projects/FPSGame/DerivedDataCache/DDC.ddp not found, will not use a pak cache.
[2015.07.21-03.22.36:410][  0]LogDerivedDataCache: Unable to find inner node Pak for hierarchical cache Hierarchy.
[2015.07.21-03.22.36:410][  0]LogDerivedDataCache: FDerivedDataBackendGraph:  CompressedPak pak cache file C:/Users/Jeffrey/Documents/Unreal Projects/FPSGame/DerivedDataCache/Compressed.ddp not found, will not use a pak cache.
[2015.07.21-03.22.36:410][  0]LogDerivedDataCache: Unable to find inner node CompressedPak for hierarchical cache Hierarchy.
[2015.07.21-03.22.36:558][  0]LogDerivedDataCache:Display: Pak cache opened for reading ../../../Engine/DerivedDataCache/Compressed.ddp.
[2015.07.21-03.22.36:570][  0]LogDerivedDataCache: Using Local data cache path C:/Users/Jeffrey/AppData/Local/UnrealEngine/Common/DerivedDataCache: Writable
[2015.07.21-03.22.36:805][  0]LogInit: Selected Device Profile: [Windows]
[2015.07.21-03.22.36:891][  0]ImportText (ComponentSweepMultiTests): Missing closing parenthesis: (RootShapeAsset="/Engine/BasicShapes/Cube.Cube",ShapeType="TriggerCapsule",HitResult=(Time=0.50,Location=(X=-100.000015,Y=0.0,Z=100.000015),ImpactPoint=(X=-50.0,Y=0.0,Z=50.0),Normal=(X=-1.0,Y=-0.0,Z=0.0),ImpactNormal=(X=0.0,Y=0.0,Z=1.0),TraceStart=(X=-200.0,Y=0.0,Z=200.0),TraceEnd=(X=0.0,Y=0.0,Z=0.0))
[2015.07.21-03.22.36:892][  0]ImportText (LineTraceSingleByChannelTests): Missing closing parenthesis: (RootShapeAsset="/Engine/BasicShapes/Cube.Cube",HitResult=(Time=0.50,Location=(X=-100.000015,Y=0.0,Z=100.000015),ImpactPoint=(X=-50.0,Y=0.0,Z=50.0),Normal=(X=-1.0,Y=-0.0,Z=0.0),ImpactNormal=(X=0.0,Y=0.0,Z=1.0),TraceStart=(X=-200.0,Y=0.0,Z=200.0),TraceEnd=(X=0.0,Y=0.0,Z=0.0))
[2015.07.21-03.22.36:914][  0]LogMeshUtilities: No automatic mesh reduction module available
[2015.07.21-03.22.36:914][  0]LogMeshUtilities: No automatic mesh merging module available
[2015.07.21-03.22.37:231][  0]LogInit: WinSock: version 1.1 (2.2), MaxSocks=32767, MaxUdp=65467
[2015.07.21-03.22.38:119][  0]UdpMessaging: Initializing bridge on interface 0.0.0.0:0 to multicast group 230.0.0.1:6666.
[2015.07.21-03.22.38:425][  0]SourceControl: Info Source control is disabled
[2015.07.21-03.22.38:746][  0]LogObj: 26273 objects as part of root set at end of initial load.
[2015.07.21-03.22.38:746][  0]LogUObjectAllocator: 5409248 out of 0 bytes used by permanent object pool.
[2015.07.21-03.22.38:811][  0]LogEngine: Initializing Engine...
[2015.07.21-03.22.38:813][  0]LogHMD: Can't find Oculus library dev build: is proper Runtime installed? Version: 0.6.0.0
[2015.07.21-03.22.38:814][  0]LogHMD:Warning: SteamVR failed to initialize.  Error: 110
[2015.07.21-03.22.38:960][  0]LogAIModule: Creating AISystem for world NewWorld
[2015.07.21-03.22.38:967][  0]LogInit: XAudio2 using 'Speakers (High Definition Audio Device)' : 6 channels at 48 kHz using 16 bits per sample (channel mask 0x60f)
[2015.07.21-03.22.38:974][  0]LogInit: FAudioDevice initialized.
[2015.07.21-03.22.39:006][  0]LogDerivedDataCache: Saved boot cache 0.03s 53MB C:/Users/Jeffrey/AppData/Local/UnrealEngine/4.8/DerivedDataCache/Boot.ddc.
[2015.07.21-03.22.39:011][  0]LogInit: Texture streaming: Disabled
[2015.07.21-03.22.39:029][  0]LogAnalytics: Creating configured Analytics provider AnalyticsET
[2015.07.21-03.22.39:029][  0]LogAnalytics: [UEEditor.Rocket.Release] APIServer = http://et2.epicgames.com/ET2/. AppVersion = 4.8.2-2614606+++depot+UE4-Releases+4.8
[2015.07.21-03.22.39:029][  0]LogAnalytics: [UEEditor.Rocket.Release] SetUserId 9eb45e864a2d198c9686f192c81afb64|27c3fc6966064ce0b524aa66d1c5df18|6d4063d8-01a0-474b-9182-c2b7903fc823
[2015.07.21-03.22.39:029][  0]LogAnalytics: [UEEditor.Rocket.Release] AnalyticsET::StartSession
[2015.07.21-03.22.39:065][  0]LogInit: Transaction tracking system initialized
[2015.07.21-03.22.39:162][  0]BlueprintLog: New page: Editor Load
[2015.07.21-03.22.39:191][  0]LogAssetRegistry: FAssetRegistry took 0.0108 seconds to start up
[2015.07.21-03.22.39:191][  0]LogDirectoryWatcher:Warning: Failed to begin reading directory changes for ../../../Engine/Plugins/Experimental/CharacterAI/Content/. Error: 0
[2015.07.21-03.22.39:750][  0]LogConsoleManager:Warning: Console variable 'r.VSync' wasn't set ('GameSetting' has a lower priority than 'SystemSettingsIni')
[2015.07.21-03.22.39:750][  0]LogConsoleResponse:Display: 
[2015.07.21-03.22.39:845][  0]LogCook:Display: Done creating registry. It took  0.00s.
[2015.07.21-03.22.40:026][  0]Cmd: MAP LOAD FILE="C:/Users/Jeffrey/Documents/Unreal Projects/FPSGame/Content/FirstPersonBP/Maps/FirstPersonExampleMap.umap" TEMPLATE=0 SHOWPROGRESS=1 FEATURELEVEL=3
[2015.07.21-03.22.40:026][  0]LightingResults: New page: Lighting Build
[2015.07.21-03.22.40:036][  0]MapCheck: New page: Map Check
[2015.07.21-03.22.40:036][  0]LightingResults: New page: Lighting Build
[2015.07.21-03.22.40:045][  0]LogParticles: Destroying 0 GPU particle simulations for FXSystem 0x000000EFE0AB0B80
[2015.07.21-03.22.41:221][  0]LogAIModule: Creating AISystem for world FirstPersonExampleMap
[2015.07.21-03.22.41:233][  0]LogEditorServer: Finished looking for orphan Actors (0.000 secs)
[2015.07.21-03.22.42:310][  0]Cmd: MAP CHECKDEP NOCLEARLOG
[2015.07.21-03.22.42:355][  0]MapCheck: Info Map check complete: 0 Error(s), 0 Warning(s), took 44.853ms to complete.
[2015.07.21-03.22.42:355][  0]LogFileHelpers: Loading map 'FirstPersonExampleMap' took 2.329
[2015.07.21-03.22.42:533][  0]LogCollectionManager: Loaded 0 collections in 0.001222 seconds
[2015.07.21-03.22.42:541][  0]LogContentBrowser: Native class hierarchy populated in 0.0071 seconds. Added 1792 classes and 301 folders.
[2015.07.21-03.22.42:592][  0]LogContentBrowser: Native class hierarchy updated for 'WidgetCarousel' in 0.0003 seconds. Added 0 classes and 0 folders.
[2015.07.21-03.22.42:615][  0]LogContentBrowser: Native class hierarchy updated for 'AddContentDialog' in 0.0003 seconds. Added 0 classes and 0 folders.
[2015.07.21-03.22.42:628][  0]LogContentBrowser: Native class hierarchy updated for 'SceneOutliner' in 0.0004 seconds. Added 1 classes and 2 folders.
[2015.07.21-03.22.42:656][  0]LogCrashTracker: Crashtracker disabled due to settings.
[2015.07.21-03.22.42:657][  0]LogD3D11RHI: InitD3DDevice
[2015.07.21-03.22.42:662][  0]LogUObjectGlobals:Warning: Failed to find object 'Class None.'
[2015.07.21-03.22.42:684][  0]LogLoad: Full Startup: 9.78 seconds (BP compile: 0.43 seconds)
[2015.07.21-03.22.42:736][  0]SourceControl: Info On branch master
[2015.07.21-03.22.42:736][  0]SourceControl: Info Your branch is up-to-date with 'origin/master'.
[2015.07.21-03.22.42:736][  0]SourceControl: Info Changes not staged for commit:
[2015.07.21-03.22.42:736][  0]SourceControl: Info   (use "git add <file>..." to update what will be committed)
[2015.07.21-03.22.42:736][  0]SourceControl: Info   (use "git checkout -- <file>..." to discard changes in working directory)
[2015.07.21-03.22.42:736][  0]SourceControl: Info 	modified:   Intermediate/CachedAssetRegistry.bin
[2015.07.21-03.22.42:736][  0]SourceControl: Info 	modified:   Saved/AutoScreenshot.png
[2015.07.21-03.22.42:736][  0]SourceControl: Info 	modified:   Saved/Config/Windows/EditorPerProjectUserSettings.ini
[2015.07.21-03.22.42:736][  0]SourceControl: Info 	modified:   Saved/Config/Windows/Engine.ini
[2015.07.21-03.22.42:736][  0]SourceControl: Info 	modified:   Saved/Logs/FPSGame.log
[2015.07.21-03.22.42:736][  0]SourceControl: Info Untracked files:
[2015.07.21-03.22.42:736][  0]SourceControl: Info   (use "git add <file>..." to include in what will be committed)
[2015.07.21-03.22.42:736][  0]SourceControl: Info 	Saved/Logs/FPSGame-backup-2015.07.20-22.13.49.log
[2015.07.21-03.22.42:736][  0]SourceControl: Info 	Saved/Logs/FPSGame-backup-2015.07.20-22.22.34.log
[2015.07.21-03.22.42:736][  0]SourceControl: Info no changes added to commit (use "git add" and/or "git commit -a")
[2015.07.21-03.22.42:737][  0]LogContentStreaming: Texture pool size is 0.000000MB
[2015.07.21-03.22.42:762][  0]LogContentStreaming: Texture pool size now 1000 MB
[2015.